
DEPTH=5

original
runs:real1:user1:sys1:real2:user2:sys2:real3:user3:sys3:
15:0.00:0.00:0.00:0.00:0.00:0.00:0.00:0.00:0.00:
20:0.00:0.00:0.00:0.00:0.00:0.00:0.00:0.00:0.00:
25:0.00:0.00:0.00:0.00:0.00:0.00:0.00:0.00:0.00:
30:0.00:0.00:0.00:0.00:0.00:0.00:0.00:0.00:0.00:
50:0.00:0.00:0.00:0.00:0.00:0.00:0.00:0.00:0.00:
75:0.00:0.00:0.00:0.00:0.00:0.00:0.00:0.00:0.00:
100:0.00:0.00:0.00:0.00:0.00:0.00:0.00:0.00:0.00:
125:0.01:0.01:0.00:0.01:0.00:0.00:0.01:0.01:0.00:
150:0.01:0.01:0.00:0.01:0.01:0.00:0.01:0.01:0.00:
175:0.02:0.02:0.00:0.02:0.02:0.00:0.02:0.02:0.00:
200:0.03:0.02:0.00:0.02:0.02:0.00:0.03:0.02:0.00:
225:0.03:0.03:0.00:0.03:0.03:0.00:0.03:0.03:0.00:
250:0.04:0.04:0.00:0.04:0.04:0.00:0.04:0.04:0.00:

sequential unbalanced
runs:real1:user1:sys1:real2:user2:sys2:real3:user3:sys3:
15:0.00:0.00:0.00:0.00:0.00:0.00:0.00:0.00:0.00:
20:0.00:0.00:0.00:0.00:0.00:0.00:0.00:0.00:0.00:
25:0.00:0.00:0.00:0.00:0.00:0.00:0.00:0.00:0.00:
30:0.00:0.00:0.00:0.00:0.00:0.00:0.00:0.00:0.00:
50:0.00:0.00:0.00:0.00:0.00:0.00:0.00:0.00:0.00:
75:0.00:0.00:0.00:0.00:0.00:0.00:0.00:0.00:0.00:
100:0.01:0.00:0.00:0.01:0.00:0.00:0.01:0.00:0.00:
125:0.01:0.01:0.00:0.01:0.01:0.00:0.01:0.01:0.00:
150:0.02:0.01:0.00:0.02:0.01:0.00:0.02:0.01:0.00:
175:0.02:0.02:0.00:0.02:0.02:0.00:0.02:0.02:0.00:
200:0.03:0.03:0.00:0.03:0.03:0.00:0.03:0.03:0.00:
225:0.04:0.03:0.00:0.04:0.03:0.00:0.04:0.03:0.00:
250:0.04:0.04:0.00:0.04:0.04:0.00:0.05:0.04:0.00:

parallel unbalanced
runs:real1:user1:sys1:real2:user2:sys2:real3:user3:sys3:
15:0.00:0.00:0.00:0.00:0.00:0.00:0.00:0.00:0.00:
20:0.00:0.00:0.00:0.00:0.00:0.00:0.00:0.00:0.00:
25:0.00:0.00:0.00:0.00:0.00:0.00:0.00:0.00:0.00:
30:0.00:0.00:0.00:0.00:0.00:0.00:0.00:0.00:0.00:
50:0.00:0.00:0.00:0.00:0.00:0.00:0.00:0.00:0.00:
75:0.00:0.01:0.00:0.00:0.01:0.00:0.00:0.01:0.00:
100:0.00:0.01:0.00:0.00:0.02:0.00:0.00:0.01:0.00:
125:0.00:0.02:0.00:0.00:0.02:0.00:0.00:0.02:0.00:
150:0.01:0.02:0.00:0.01:0.03:0.00:0.01:0.03:0.00:
175:0.01:0.03:0.00:0.01:0.04:0.00:0.01:0.04:0.00:
200:0.01:0.05:0.00:0.01:0.05:0.00:0.01:0.05:0.00:
225:0.01:0.06:0.00:0.01:0.06:0.00:0.01:0.06:0.00:
250:0.02:0.07:0.00:0.02:0.07:0.00:0.02:0.07:0.00:

sequential balanced
runs:real1:user1:sys1:real2:user2:sys2:real3:user3:sys3:
15:0.00:0.00:0.00:0.00:0.00:0.00:0.00:0.00:0.00:
20:0.00:0.00:0.00:0.00:0.00:0.00:0.00:0.00:0.00:
25:0.00:0.00:0.00:0.00:0.00:0.00:0.00:0.00:0.00:
30:0.00:0.00:0.00:0.00:0.00:0.00:0.00:0.00:0.00:
50:0.00:0.00:0.00:0.00:0.00:0.00:0.00:0.00:0.00:
75:0.00:0.00:0.00:0.00:0.00:0.00:0.00:0.00:0.00:
100:0.00:0.00:0.00:0.00:0.00:0.00:0.00:0.00:0.00:
125:0.01:0.00:0.00:0.01:0.01:0.00:0.01:0.01:0.00:
150:0.01:0.01:0.00:0.01:0.01:0.00:0.01:0.01:0.00:
175:0.02:0.02:0.00:0.02:0.02:0.00:0.02:0.02:0.00:
200:0.03:0.02:0.00:0.03:0.02:0.00:0.03:0.02:0.00:
225:0.03:0.03:0.00:0.03:0.03:0.00:0.03:0.03:0.00:
250:0.04:0.04:0.00:0.04:0.04:0.00:0.04:0.04:0.00:

parallel balanced
runs:real1:user1:sys1:real2:user2:sys2:real3:user3:sys3:
15:0.19:5.71:0.09:0.20:5.85:0.07:0.20:5.81:0.06:
20:0.25:7.48:0.08:0.25:7.61:0.07:0.26:7.36:0.09:
25:0.32:9.41:0.12:0.32:9.46:0.17:0.31:9.22:0.14:
30:0.39:11.21:0.15:0.38:10.93:0.14:0.38:11.25:0.13:
50:0.62:18.07:0.23:0.62:18.27:0.27:0.63:18.71:0.21:
75:0.95:27.38:0.43:0.94:27.64:0.31:0.94:27.66:0.34:
100:1.23:36.45:0.55:1.22:36.15:0.51:1.24:36.16:0.55:
125:1.54:45.09:0.57:1.53:45.41:0.59:1.54:45.35:0.66:
150:1.86:54.66:0.79:1.88:55.03:0.77:1.84:54.89:0.66:
175:2.15:63.26:0.83:2.19:64.41:0.75:2.21:64.92:0.72:
200:2.56:71.90:1.14:2.51:73.33:0.95:2.50:73.18:1.00:
225:2.76:81.24:1.14:2.76:81.36:1.14:2.78:81.54:1.02:
250:3.16:89.76:1.28:3.06:89.80:1.26:3.13:91.37:1.19:

DEPTH=7

original
runs:real1:user1:sys1:real2:user2:sys2:real3:user3:sys3:
15:0.00:0.00:0.00:0.00:0.00:0.00:0.00:0.00:0.00:
20:0.01:0.00:0.00:0.01:0.00:0.00:0.01:0.00:0.00:
25:0.01:0.01:0.00:0.01:0.01:0.00:0.01:0.01:0.00:
30:0.01:0.01:0.00:0.01:0.01:0.00:0.01:0.01:0.00:
50:0.04:0.03:0.00:0.03:0.03:0.00:0.03:0.03:0.00:
75:0.07:0.07:0.00:0.08:0.06:0.01:0.07:0.06:0.00:
100:0.13:0.12:0.00:0.13:0.12:0.01:0.13:0.11:0.01:
125:0.22:0.21:0.00:0.20:0.18:0.02:0.22:0.21:0.01:
150:0.31:0.28:0.02:0.34:0.33:0.01:0.34:0.33:0.01:
175:0.46:0.43:0.02:0.54:0.52:0.02:0.48:0.45:0.02:
200:0.94:0.91:0.02:0.90:0.87:0.03:0.67:0.65:0.02:
225:1.33:1.30:0.02:1.08:1.04:0.03:1.30:1.27:0.02:
250:1.51:1.47:0.03:1.87:1.84:0.03:1.52:1.48:0.03:

sequential unbalanced
runs:real1:user1:sys1:real2:user2:sys2:real3:user3:sys3:
15:0.01:0.01:0.00:0.01:0.01:0.00:0.01:0.01:0.00:
20:0.01:0.01:0.00:0.01:0.01:0.00:0.01:0.01:0.00:
25:0.02:0.02:0.00:0.02:0.01:0.00:0.02:0.01:0.00:
30:0.02:0.02:0.00:0.02:0.02:0.00:0.02:0.02:0.00:
50:0.05:0.04:0.00:0.04:0.04:0.00:0.05:0.04:0.00:
75:0.10:0.09:0.00:0.09:0.08:0.01:0.09:0.08:0.00:
100:0.16:0.15:0.00:0.15:0.14:0.01:0.16:0.15:0.00:
125:0.22:0.21:0.01:0.26:0.24:0.01:0.22:0.20:0.01:
150:0.41:0.39:0.02:0.34:0.32:0.01:0.39:0.37:0.02:
175:0.50:0.48:0.01:0.63:0.61:0.02:0.48:0.45:0.03:
200:0.92:0.89:0.02:0.74:0.72:0.02:0.95:0.92:0.02:
225:1.12:1.08:0.03:1.34:1.31:0.03:1.15:1.11:0.03:
250:1.94:1.90:0.03:1.61:1.56:0.04:1.89:1.85:0.03:

parallel unbalanced
runs:real1:user1:sys1:real2:user2:sys2:real3:user3:sys3:
15:0.01:0.03:0.00:0.01:0.03:0.00:0.01:0.02:0.00:
20:0.01:0.04:0.00:0.01:0.04:0.00:0.01:0.03:0.01:
25:0.01:0.05:0.00:0.01:0.05:0.01:0.01:0.05:0.00:
30:0.02:0.06:0.01:0.02:0.05:0.01:0.02:0.06:0.00:
50:0.03:0.12:0.01:0.03:0.13:0.00:0.03:0.11:0.01:
75:0.05:0.19:0.02:0.05:0.19:0.02:0.05:0.19:0.02:
100:0.08:0.28:0.03:0.08:0.30:0.01:0.08:0.29:0.01:
125:0.12:0.43:0.02:0.11:0.39:0.03:0.11:0.41:0.03:
150:0.15:0.56:0.04:0.14:0.53:0.03:0.14:0.53:0.03:
175:0.18:0.65:0.04:0.19:0.70:0.04:0.17:0.65:0.03:
200:0.21:0.77:0.06:0.21:0.79:0.05:0.21:0.79:0.03:
225:0.26:0.96:0.06:0.29:1.11:0.05:0.26:0.98:0.04:
250:0.31:1.16:0.05:0.31:1.17:0.04:0.30:1.14:0.05:

sequential balanced
runs:real1:user1:sys1:real2:user2:sys2:real3:user3:sys3:
15:0.00:0.00:0.00:0.00:0.00:0.00:0.00:0.00:0.00:
20:0.01:0.00:0.00:0.01:0.01:0.00:0.01:0.00:0.00:
25:0.01:0.01:0.00:0.01:0.00:0.00:0.01:0.01:0.00:
30:0.01:0.01:0.00:0.01:0.01:0.00:0.01:0.01:0.00:
50:0.04:0.03:0.00:0.04:0.03:0.00:0.03:0.03:0.00:
75:0.07:0.07:0.00:0.08:0.07:0.00:0.07:0.07:0.00:
100:0.13:0.13:0.00:0.13:0.12:0.00:0.13:0.13:0.00:
125:0.20:0.17:0.02:0.22:0.20:0.01:0.21:0.19:0.01:
150:0.33:0.32:0.01:0.30:0.28:0.01:0.33:0.32:0.01:
175:0.50:0.48:0.02:0.52:0.50:0.01:0.47:0.44:0.01:
200:0.80:0.78:0.01:0.70:0.67:0.02:0.79:0.77:0.02:
225:1.03:0.99:0.03:1.19:1.17:0.01:1.04:1.00:0.03:
250:1.69:1.66:0.02:1.47:1.43:0.03:1.71:1.68:0.03:

parallel balanced
runs:real1:user1:sys1:real2:user2:sys2:real3:user3:sys3:
15:0.34:10.68:0.07:0.35:10.63:0.13:0.35:10.50:0.10:
20:0.46:14.20:0.10:0.45:13.86:0.11:0.44:13.90:0.08:
25:0.57:17.27:0.16:0.56:17.22:0.15:0.57:17.37:0.14:
30:0.68:21.08:0.17:0.67:20.71:0.21:0.67:20.63:0.15:
50:1.10:34.08:0.26:1.10:34.07:0.30:1.10:33.79:0.32:
75:1.65:50.38:0.46:1.68:50.98:0.43:1.66:50.86:0.44:
100:2.24:67.21:0.59:2.23:67.10:0.68:2.18:66.63:0.64:
125:2.74:82.74:0.80:2.75:83.72:0.80:2.75:83.20:0.82:
150:3.35:100.93:0.99:3.30:100.04:0.90:3.28:99.67:1.05:
175:3.85:116.51:1.14:3.88:116.85:0.93:3.90:118.27:1.10:
200:4.45:134.49:1.18:4.40:133.00:1.34:4.44:133.99:1.14:
225:4.98:150.28:1.64:5.01:151.66:1.40:4.95:150.12:1.49:
250:5.53:167.15:1.80:5.56:167.81:1.59:5.58:167.74:1.78:

DEPTH=10

original
runs:real1:user1:sys1:real2:user2:sys2:real3:user3:sys3:
15:0.59:0.47:0.11:0.58:0.45:0.12:0.59:0.46:0.12:
20:0.86:0.70:0.16:0.88:0.75:0.13:0.87:0.71:0.15:
25:1.22:1.04:0.17:1.20:1.04:0.16:1.22:1.04:0.17:
30:1.69:1.48:0.20:1.71:1.49:0.22:1.69:1.50:0.19:
50:7.28:6.70:0.57:7.60:6.64:0.96:7.58:6.89:0.69:
75:18.12:17.26:0.85:18.40:17.47:0.93:17.98:17.16:0.82:
100:33.74:32.45:1.28:33.82:32.68:1.14:34.05:32.81:1.24:
125:53.66:52.24:1.41:55.06:53.13:1.93:52.94:51.54:1.40:
150:77.85:75.92:1.92:78.23:76.27:1.95:77.38:75.42:1.94:
175:122.50:116.80:5.68:108.19:105.81:2.38:106.03:104.04:1.99:
200:138.51:135.81:2.70:137.04:134.56:2.48:140.25:137.59:2.65:
225:180.03:176.91:3.12:178.11:174.99:3.11:176.92:173.83:3.08:
250:220.47:216.89:3.58:219.04:215.62:3.41:216.76:213.24:3.51:

sequential unbalanced
runs:real1:user1:sys1:real2:user2:sys2:real3:user3:sys3:
15:1.03:0.89:0.13:1.06:0.90:0.15:1.06:0.92:0.13:
20:1.56:1.38:0.18:1.52:1.32:0.19:1.50:1.33:0.17:
25:1.99:1.80:0.19:2.05:1.83:0.22:2.06:1.84:0.22:
30:3.39:2.87:0.52:2.86:2.58:0.28:2.89:2.61:0.28:
50:8.90:8.43:0.46:8.90:8.32:0.57:9.36:8.71:0.64:
75:21.34:20.26:1.08:20.51:19.68:0.82:20.57:19.72:0.84:
100:37.09:35.64:1.44:36.33:35.12:1.21:35.92:34.76:1.16:
125:57.90:55.87:2.02:57.27:55.51:1.76:56.96:55.29:1.66:
150:79.94:77.98:1.96:80.53:78.76:1.76:80.30:78.56:1.74:
175:108.66:106.37:2.28:109.43:107.26:2.16:108.62:106.43:2.19:
200:141.74:139.22:2.51:141.13:138.62:2.50:142.52:140.00:2.52:
225:179.17:176.27:2.89:180.57:177.70:2.87:180.59:177.65:2.93:
250:218.59:215.24:3.34:220.14:216.83:3.30:220.34:217.07:3.25:

parallel unbalanced
runs:real1:user1:sys1:real2:user2:sys2:real3:user3:sys3:
15:0.77:2.05:0.28:0.81:2.14:0.29:0.75:2.04:0.28:
20:1.04:2.89:0.35:1.00:2.81:0.38:1.02:2.86:0.36:
25:1.18:3.51:0.44:1.37:3.77:0.56:1.33:3.71:0.49:
30:1.68:4.85:0.54:1.55:4.67:0.61:1.70:4.67:0.59:
50:3.68:11.65:0.92:3.60:11.45:0.89:3.60:11.54:1.11:
75:6.94:23.50:1.45:7.00:23.64:1.32:7.18:23.94:1.33:
100:11.49:40.03:1.72:12.50:41.19:1.80:11.88:40.67:1.71:
125:16.82:59.99:2.19:21.45:65.99:4.30:19.78:64.05:2.20:
150:23.46:84.99:2.67:23.84:85.46:3.02:26.74:89.02:4.49:
175:34.28:117.46:4.49:37.33:121.96:3.89:30.81:113.64:3.24:
200:39.65:146.36:3.70:39.23:146.36:3.69:47.25:156.16:5.30:
225:49.66:184.06:4.30:49.67:184.22:4.77:50.33:186.00:4.95:
250:66.79:232.19:7.83:59.82:225.59:4.66:76.61:243.58:14.23:

sequential balanced
runs:real1:user1:sys1:real2:user2:sys2:real3:user3:sys3:
15:0.69:0.54:0.14:0.70:0.57:0.12:0.69:0.55:0.14:
20:1.07:0.89:0.17:1.06:0.88:0.17:1.07:0.92:0.15:
25:1.46:1.23:0.23:1.48:1.28:0.20:1.47:1.26:0.21:
30:2.09:1.83:0.26:2.09:1.85:0.23:2.12:1.84:0.27:
50:7.58:6.99:0.58:7.52:6.94:0.57:7.55:6.96:0.58:
75:18.75:17.75:0.99:18.26:17.34:0.92:18.50:17.54:0.96:
100:34.57:32.95:1.61:34.92:33.30:1.62:34.83:33.18:1.64:
125:54.23:52.20:2.02:53.46:51.91:1.55:53.87:51.92:1.94:
150:77.03:75.06:1.96:76.11:74.21:1.89:78.33:76.07:2.26:
175:105.04:102.83:2.21:105.79:103.53:2.25:109.35:105.73:3.61:
200:139.04:136.34:2.70:139.12:136.37:2.74:137.57:134.91:2.66:
225:174.87:171.56:3.30:174.41:171.38:3.02:175.43:172.27:3.16:
250:214.29:210.85:3.44:215.10:211.70:3.39:216.66:213.19:3.47:

parallel balanced
runs:real1:user1:sys1:real2:user2:sys2:real3:user3:sys3:
15:1.29:20.76:0.64:1.27:20.65:0.80:1.30:20.48:0.77:
20:1.74:27.26:1.77:1.64:27.09:2.05:1.74:27.36:1.80:
25:2.06:34.02:1.92:2.05:33.71:2.03:2.06:34.01:1.94:
30:2.38:40.80:2.14:2.42:41.38:2.13:2.41:41.46:2.16:
50:3.99:72.12:3.31:3.98:72.56:3.21:3.94:72.32:3.14:
75:6.09:115.26:4.95:6.07:116.47:4.81:6.06:115.39:5.08:
100:8.60:166.17:7.73:8.73:165.77:7.75:8.53:165.91:7.16:
125:11.54:222.59:10.99:11.44:224.10:9.58:11.34:222.86:9.09:
150:14.62:284.83:12.85:15.83:277.76:12.12:14.67:285.90:12.91:
175:17.89:354.82:15.70:18.13:354.78:16.50:17.73:352.78:14.34:
200:21.96:430.46:20.43:21.04:426.04:16.22:22.41:430.35:22.87:
225:26.06:511.07:25.52:26.07:510.53:24.37:25.68:507.76:23.39:
250:32.81:600.24:39.14:33.07:605.30:40.13:33.43:589.44:28.77:

