
DEPTH=16

original
runs:real1:user1:sys1:real2:user2:sys2:real3:user3:sys3:
10:0.00:0.00:0.00:0.00:0.00:0.00:0.00:0.00:0.00:
20:0.00:0.00:0.00:0.01:0.01:0.00:0.00:0.00:0.00:
30:0.00:0.00:0.00:0.01:0.01:0.00:0.00:0.00:0.00:
50:0.01:0.00:0.00:0.01:0.01:0.00:0.01:0.01:0.00:
100:0.03:0.03:0.00:0.03:0.03:0.00:0.01:0.01:0.00:
150:0.02:0.02:0.00:0.05:0.05:0.00:0.04:0.04:0.00:
200:0.04:0.04:0.00:0.03:0.03:0.00:0.03:0.03:0.00:
300:0.07:0.07:0.00:0.06:0.06:0.00:0.05:0.05:0.00:
500:0.07:0.07:0.00:0.10:0.10:0.00:0.07:0.07:0.00:
1000:0.18:0.18:0.00:0.16:0.15:0.00:0.14:0.13:0.00:
1500:0.21:0.21:0.00:0.21:0.21:0.00:0.23:0.23:0.00:
2000:0.29:0.28:0.00:0.41:0.41:0.00:0.28:0.28:0.00:
10000:1.38:1.38:0.00:1.39:1.39:0.00:1.38:1.38:0.00:

sequential unbalanced
runs:real1:user1:sys1:real2:user2:sys2:real3:user3:sys3:
10:0.04:0.03:0.00:0.05:0.05:0.00:0.04:0.03:0.00:
20:0.10:0.10:0.00:0.07:0.06:0.00:0.07:0.06:0.00:
30:0.10:0.09:0.00:0.10:0.10:0.00:0.10:0.09:0.00:
50:0.19:0.18:0.00:0.23:0.23:0.00:0.16:0.15:0.00:
100:0.31:0.30:0.00:0.41:0.41:0.00:0.31:0.30:0.00:
150:0.49:0.49:0.00:0.63:0.62:0.00:0.46:0.45:0.00:
200:0.70:0.70:0.00:0.60:0.59:0.00:0.62:0.61:0.00:
300:0.91:0.91:0.00:0.92:0.91:0.00:0.91:0.91:0.00:
500:1.52:1.52:0.00:1.52:1.52:0.00:1.55:1.54:0.00:
1000:3.04:3.03:0.00:3.05:3.04:0.00:3.04:3.03:0.00:
1500:4.55:4.54:0.00:4.51:4.51:0.00:4.55:4.55:0.00:
2000:5.98:5.98:0.00:5.86:5.85:0.00:5.91:5.91:0.00:
10000:29.64:29.63:0.01:29.46:29.45:0.00:29.74:29.73:0.01:

parallel unbalanced
runs:real1:user1:sys1:real2:user2:sys2:real3:user3:sys3:
10:0.05:0.09:0.00:0.05:0.09:0.00:0.05:0.09:0.00:
20:0.09:0.17:0.01:0.09:0.17:0.00:0.09:0.18:0.00:
30:0.13:0.25:0.00:0.13:0.25:0.01:0.10:0.19:0.00:
50:0.23:0.43:0.00:0.22:0.42:0.00:0.24:0.46:0.01:
100:0.43:0.82:0.00:0.42:0.81:0.01:0.44:0.85:0.00:
150:0.65:1.27:0.01:0.64:1.24:0.01:0.65:1.27:0.01:
200:0.85:1.65:0.01:0.83:1.61:0.01:0.86:1.66:0.00:
300:1.27:2.47:0.01:1.30:2.53:0.01:1.17:2.28:0.00:
500:1.97:3.82:0.01:2.30:4.29:0.01:2.10:4.06:0.02:
1000:4.27:8.36:0.03:4.24:8.23:0.03:4.27:8.19:0.03:
1500:8.05:16.01:0.02:6.19:12.09:0.03:5.43:10.71:0.02:
2000:8.48:16.54:0.04:8.48:16.46:0.04:8.39:16.38:0.03:
10000:38.82:76.65:0.10:41.70:81.42:0.15:42.73:85.34:0.08:

sequential balanced
runs:real1:user1:sys1:real2:user2:sys2:real3:user3:sys3:
10:0.02:0.01:0.00:0.05:0.04:0.00:0.02:0.01:0.00:
20:0.03:0.02:0.00:0.03:0.02:0.00:0.03:0.02:0.00:
30:0.08:0.07:0.00:0.06:0.05:0.00:0.04:0.04:0.00:
50:0.12:0.11:0.01:0.10:0.09:0.00:0.07:0.07:0.00:
100:0.12:0.12:0.00:0.13:0.12:0.00:0.12:0.12:0.00:
150:0.18:0.18:0.00:0.18:0.18:0.00:0.27:0.26:0.00:
200:0.24:0.24:0.00:0.31:0.31:0.00:0.23:0.23:0.00:
300:0.36:0.36:0.00:0.36:0.36:0.00:0.44:0.43:0.00:
500:0.58:0.58:0.00:0.60:0.59:0.00:0.60:0.60:0.00:
1000:1.19:1.18:0.00:1.25:1.24:0.00:1.19:1.19:0.00:
1500:1.78:1.78:0.00:1.78:1.78:0.00:1.82:1.81:0.00:
2000:2.38:2.38:0.00:2.45:2.44:0.00:2.39:2.39:0.00:
10000:11.59:11.58:0.00:11.58:11.58:0.00:11.70:11.69:0.01:

parallel balanced
runs:real1:user1:sys1:real2:user2:sys2:real3:user3:sys3:
10:0.44:12.28:0.10:0.56:17.21:0.10:0.53:15.66:0.08:
20:0.94:30.45:0.14:0.95:30.94:0.19:1.04:34.35:0.14:
30:1.31:43.71:0.32:1.46:49.56:0.30:1.41:48.01:0.31:
50:2.32:80.44:0.39:2.27:78.78:0.54:2.38:82.22:0.42:
100:4.56:161.30:0.84:4.45:157.45:0.83:4.47:158.97:0.85:
150:6.56:233.45:0.96:6.61:236.29:1.05:6.66:237.60:1.00:
200:8.52:304.65:1.21:8.83:317.36:1.14:8.84:315.72:1.35:
300:13.01:467.87:1.71:13.08:469.21:1.67:13.14:471.29:1.92:
500:22.06:794.29:2.91:22.05:793.77:3.05:21.86:786.29:3.11:
1000:44.45:1604.23:5.62:45.36:1587.36:5.86:43.78:1581.89:5.65:
1500:66.03:2388.32:8.75:66.04:2389.12:8.64:65.89:2383.15:9.00:
2000:93.67:3147.26:12.09:87.60:3163.03:11.30:86.71:3130.61:11.78:
10000:488.04:15543.42:65.32:472.38:15701.52:62.11:496.44:15525.52:64.54:

DEPTH=20

original
runs:real1:user1:sys1:real2:user2:sys2:real3:user3:sys3:
10:0.08:0.06:0.02:0.08:0.05:0.02:0.08:0.06:0.01:
20:0.11:0.09:0.01:0.11:0.09:0.02:0.11:0.09:0.01:
30:0.14:0.12:0.01:0.15:0.13:0.01:0.14:0.13:0.01:
50:0.21:0.19:0.01:0.21:0.19:0.01:0.21:0.19:0.01:
100:0.37:0.36:0.01:0.37:0.36:0.01:0.37:0.35:0.01:
150:0.54:0.52:0.01:0.54:0.52:0.01:0.54:0.52:0.01:
200:0.70:0.68:0.01:0.70:0.67:0.02:0.70:0.68:0.01:
300:1.04:1.02:0.01:1.03:1.02:0.01:1.03:1.01:0.01:
500:1.68:1.67:0.01:1.68:1.67:0.01:1.69:1.67:0.02:
1000:3.34:3.31:0.02:3.35:3.33:0.01:3.35:3.33:0.02:
1500:4.98:4.96:0.02:4.97:4.94:0.02:4.91:4.89:0.02:
2000:6.36:6.34:0.02:6.59:6.57:0.02:6.41:6.39:0.01:
10000:40.25:40.20:0.04:31.62:31.58:0.03:31.41:31.38:0.02:

sequential unbalanced
runs:real1:user1:sys1:real2:user2:sys2:real3:user3:sys3:
10:0.99:0.91:0.07:0.99:0.93:0.06:1.03:0.96:0.06:
20:1.79:1.72:0.06:1.80:1.73:0.06:1.79:1.71:0.07:
30:2.59:2.49:0.09:2.60:2.53:0.07:2.60:2.50:0.09:
50:4.15:4.05:0.10:4.03:3.96:0.07:4.19:4.09:0.09:
100:8.01:7.89:0.11:8.14:8.02:0.12:7.99:7.88:0.11:
150:12.11:12.00:0.11:11.86:11.76:0.10:11.82:11.72:0.10:
200:16.00:15.86:0.13:15.68:15.56:0.12:16.06:15.91:0.14:
300:23.42:23.30:0.12:23.90:23.77:0.13:23.38:23.26:0.12:
500:39.51:39.36:0.15:38.70:38.58:0.12:39.50:39.36:0.14:
1000:79.23:79.07:0.15:78.57:78.37:0.19:77.40:77.23:0.17:
1500:120.32:120.08:0.23:118.07:117.85:0.21:115.65:115.48:0.17:
2000:167.03:166.72:0.31:154.27:154.09:0.18:157.86:157.64:0.22:
10000:766.83:766.53:0.30:798.70:798.16:0.54:794.88:793.83:1.02:

parallel unbalanced
runs:real1:user1:sys1:real2:user2:sys2:real3:user3:sys3:
10:1.21:1.85:0.14:0.86:1.50:0.08:1.21:1.84:0.13:
20:2.15:3.45:0.11:2.14:3.48:0.10:2.09:3.68:0.19:
30:3.15:5.29:0.12:3.08:5.06:0.12:3.09:5.05:0.12:
50:5.01:8.24:0.14:3.77:6.91:0.20:5.36:9.70:0.21:
100:10.99:20.28:0.35:8.83:16.09:0.24:10.86:19.26:0.34:
150:14.32:26.12:0.19:14.23:24.06:0.18:13.30:23.16:0.20:
200:16.79:29.71:0.30:16.87:29.64:0.26:16.37:28.77:0.27:
300:28.56:48.80:0.22:28.89:52.34:0.52:27.09:46.45:0.20:
500:44.28:80.83:0.28:50.16:93.63:0.27:43.08:74.57:0.26:
1000:86.34:157.28:0.40:101.83:180.30:0.28:98.30:170.55:0.37:
1500:143.15:244.14:0.30:135.80:248.95:1.17:128.21:225.62:0.60:
2000:181.49:338.63:0.73:184.27:339.28:0.41:156.61:288.84:0.42:
10000:856.98:1579.91:1.07:850.73:1536.84:1.10:942.69:1696.42:1.48:

sequential balanced
runs:real1:user1:sys1:real2:user2:sys2:real3:user3:sys3:
10:0.39:0.33:0.06:0.39:0.32:0.06:0.39:0.33:0.05:
20:0.62:0.55:0.07:0.62:0.55:0.07:0.62:0.55:0.07:
30:0.89:0.81:0.07:0.83:0.77:0.06:0.86:0.80:0.06:
50:1.34:1.28:0.06:1.34:1.28:0.06:1.34:1.28:0.05:
100:2.55:2.48:0.07:2.50:2.41:0.08:2.48:2.40:0.07:
150:3.75:3.65:0.09:3.74:3.66:0.08:3.74:3.67:0.06:
200:4.94:4.85:0.09:5.02:4.83:0.19:4.83:4.76:0.07:
300:7.24:7.15:0.08:7.25:7.15:0.09:7.30:7.21:0.08:
500:11.87:11.76:0.11:11.79:11.69:0.09:11.84:11.73:0.10:
1000:23.09:22.96:0.12:23.20:23.04:0.15:23.27:23.13:0.13:
1500:34.15:34.03:0.11:34.98:34.82:0.15:35.00:34.73:0.26:
2000:45.89:45.64:0.24:45.89:45.74:0.15:46.32:46.15:0.16:
10000:226.60:226.40:0.19:237.88:237.64:0.22:225.79:225.61:0.18:

parallel balanced
runs:real1:user1:sys1:real2:user2:sys2:real3:user3:sys3:
10: